2022-01-06T18:29:53.343817+0300 DEBUG Пользователь Slozhno_vibrat ввел команду "/start"
2022-01-06T18:29:55.594597+0300 DEBUG Пользователь Slozhno_vibrat ввел команду "/help"
2022-01-07T20:28:43.358290+0300 INFO Пользователь Slozhno_vibrat ввел команду "/start"
2022-01-07T20:28:52.536850+0300 INFO Пользователь Slozhno_vibrat ввел команду "/start"
2022-01-07T20:28:55.137096+0300 INFO Пользователь Slozhno_vibrat ввел команду "/help"
2022-01-07T20:29:14.080233+0300 INFO Пользователь Slozhno_vibrat ввел команду "/lowprice"
2022-01-07T20:29:17.155267+0300 INFO Пользователь Slozhno_vibrat ввел город Самара
2022-01-07T20:29:23.812431+0300 INFO Пользователем Slozhno_vibrat был выбран 1161981 айди города
2022-01-07T20:29:31.079092+0300 INFO Пользователем Slozhno_vibrat было выбрано 5 отелей
2022-01-07T20:29:31.086083+0300 INFO Пользователь Slozhno_vibrat выбирает дату заселения
2022-01-07T22:59:19.420965+0300 INFO Пользователь Slozhno_vibrat ввел команду "/lowprice"
2022-01-07T22:59:21.264436+0300 INFO Пользователь Slozhno_vibrat ввел город Самара
2022-01-07T22:59:28.739607+0300 INFO Пользователем Slozhno_vibrat был выбран 1161981 айди города
2022-01-07T22:59:31.298638+0300 INFO Пользователем Slozhno_vibrat было выбрано 5 отелей
2022-01-07T22:59:31.299620+0300 INFO Пользователь Slozhno_vibrat выбирает дату заселения
2022-01-07T23:02:36.989843+0300 INFO Пользователь Slozhno_vibrat ввел команду "/lowprice"
2022-01-07T23:02:41.362306+0300 INFO Пользователь Slozhno_vibrat ввел город Самара
2022-01-07T23:02:49.880118+0300 INFO Пользователем Slozhno_vibrat был выбран 1161981 айди города
2022-01-07T23:02:54.892569+0300 INFO Пользователем Slozhno_vibrat было выбрано 5 отелей
2022-01-07T23:02:54.893569+0300 INFO Пользователь Slozhno_vibrat выбирает дату заселения
2022-01-07T23:07:50.391285+0300 INFO Пользователь Slozhno_vibrat ввел команду "/lowprice"
2022-01-07T23:07:52.547431+0300 INFO Пользователь Slozhno_vibrat ввел город Самара
2022-01-07T23:08:00.868983+0300 INFO Пользователем Slozhno_vibrat был выбран 1161981 айди города
2022-01-07T23:08:03.215333+0300 INFO Пользователем Slozhno_vibrat было выбрано 5 отелей
2022-01-07T23:08:03.217331+0300 INFO Пользователь Slozhno_vibrat выбирает дату заселения
2022-01-07T23:08:08.624300+0300 INFO Пользователем Slozhno_vibrat выбирает дату выезда
2022-01-07T23:08:13.856322+0300 INFO Пользователь Slozhno_vibrat вводит отевет
2022-01-07T23:08:16.558331+0300 INFO Пользователь Slozhno_vibrat вводит кол-во фото для загрузки
2022-01-07T23:10:16.624805+0300 INFO Пользователь None ввел команду "/lowprice"
2022-01-07T23:10:25.814024+0300 INFO Пользователь None ввел город Саратов
2022-01-07T23:10:31.677338+0300 INFO Пользователем None был выбран 1177945 айди города
2022-01-07T23:10:36.181700+0300 INFO Пользователем None было выбрано 3 отелей
2022-01-07T23:10:36.181700+0300 INFO Пользователь None выбирает дату заселения
2022-01-07T23:10:56.853929+0300 INFO Пользователь None ввел город 28
2022-01-07T23:10:57.041382+0300 INFO Была допущена орфографическая ошибка в названии города
2022-01-07T23:10:59.641409+0300 INFO Пользователем None выбирает дату выезда
2022-01-07T23:11:37.416541+0300 INFO Пользователь None вводит отевет
2022-01-07T23:11:48.878767+0300 INFO Пользователь None ввел город /history
2022-01-07T23:11:49.003807+0300 INFO Пользователь None ввел неверный ответ на вопрос о загрузке фото
2022-01-07T23:11:49.019435+0300 INFO Была допущена орфографическая ошибка в названии города
2022-01-07T23:11:59.857540+0300 INFO Пользователь None ввел город /highprice
2022-01-07T23:12:00.107665+0300 INFO Пользователь None ввел неверный ответ на вопрос о загрузке фото
2022-01-07T23:12:00.107665+0300 INFO Была допущена орфографическая ошибка в названии города
2022-01-07T23:12:08.234238+0300 INFO Пользователь None ввел город Воронеж
2022-01-07T23:12:08.359251+0300 INFO Пользователь None ввел неверный ответ на вопрос о загрузке фото
2022-01-07T23:12:14.267665+0300 INFO Пользователем None был выбран 1637229 айди города
2022-01-07T23:12:14.377030+0300 INFO Пользователь None ввел неверный ответ на вопрос о загрузке фото
2022-01-07T23:13:07.820331+0300 INFO Пользователь None ввел команду "/start"
2022-01-07T23:13:15.404937+0300 INFO Пользователь None ввел команду "/highprice"
2022-01-07T23:13:34.963536+0300 INFO Пользователь None ввел город Сыктывкар
2022-01-07T23:13:44.542601+0300 INFO Пользователем None был выбран 1199525 айди города
2022-01-07T23:13:48.040878+0300 INFO Пользователем None было выбрано 4 отелей
2022-01-07T23:13:48.040878+0300 INFO Пользователь None выбирает дату заселения
2022-01-07T23:14:40.912390+0300 INFO Пользователем None выбирает дату выезда
2022-01-07T23:16:58.743316+0300 INFO Пользователь None вводит отевет
2022-01-08T11:41:07.629149+0300 INFO Пользователь None ввел город Да
2022-01-08T11:41:30.001974+0300 INFO Пользователь Slozhno_vibrat ввел команду "/bestdeal"
2022-01-08T11:41:35.237087+0300 INFO Пользователь Slozhno_vibrat ввел город Самара
2022-01-08T11:41:41.575874+0300 INFO Пользователем Slozhno_vibrat был выбран 1161981 айди города
2022-01-08T11:41:44.896845+0300 INFO Пользователем Slozhno_vibrat было выбрано 5 отелей
2022-01-08T11:41:44.897850+0300 INFO Пользователь Slozhno_vibrat выбирает дату заселения
2022-01-08T11:41:50.873327+0300 INFO Пользователем Slozhno_vibrat выбирает дату выезда
2022-01-08T11:42:00.391814+0300 INFO Пользователь Slozhno_vibrat вводит мин/макс стоимость отелей за сутки
2022-01-08T11:42:15.821320+0300 INFO Пользователь Slozhno_vibrat вводит расстояние отеля от центра
2022-01-08T11:42:19.089847+0300 INFO Пользователь Slozhno_vibrat вводит отевет
2022-01-08T11:42:19.089847+0300 INFO Пользователь Slozhno_vibrat ввел предпочтительную дистанцию от центра
2022-01-08T11:42:20.946741+0300 INFO Пользователь Slozhno_vibrat вводит кол-во фото для загрузки
2022-01-08T11:44:06.847230+0300 INFO Пользователь Slozhno_vibrat ввел команду "/lowprice"
2022-01-08T11:44:09.346709+0300 INFO Пользователь Slozhno_vibrat ввел город Самара
2022-01-08T11:44:15.798938+0300 INFO Пользователем Slozhno_vibrat был выбран 1161981 айди города
2022-01-08T11:44:18.810267+0300 INFO Пользователем Slozhno_vibrat было выбрано 5 отелей
2022-01-08T11:44:18.810267+0300 INFO Пользователь Slozhno_vibrat выбирает дату заселения
2022-01-08T11:44:26.070475+0300 INFO Пользователем Slozhno_vibrat выбирает дату выезда
2022-01-08T11:44:31.929771+0300 INFO Пользователь Slozhno_vibrat вводит отевет
2022-01-08T11:44:34.710850+0300 INFO Пользователь Slozhno_vibrat вводит кол-во фото для загрузки
2022-01-08T11:45:22.518677+0300 INFO Пользователь Slozhno_vibrat ввел команду "/bestdeal"
2022-01-08T11:45:27.332791+0300 INFO Пользователь Slozhno_vibrat ввел город Самара
2022-01-08T11:45:33.689235+0300 INFO Пользователем Slozhno_vibrat был выбран 1161981 айди города
2022-01-08T11:45:36.177892+0300 INFO Пользователем Slozhno_vibrat было выбрано 5 отелей
2022-01-08T11:45:36.178891+0300 INFO Пользователь Slozhno_vibrat выбирает дату заселения
2022-01-08T11:45:41.836599+0300 INFO Пользователем Slozhno_vibrat выбирает дату выезда
2022-01-08T11:45:53.405420+0300 INFO Пользователь Slozhno_vibrat вводит мин/макс стоимость отелей за сутки
2022-01-08T11:46:06.550479+0300 INFO Пользователь Slozhno_vibrat вводит расстояние отеля от центра
2022-01-08T11:46:10.067519+0300 INFO Пользователь Slozhno_vibrat вводит отевет
2022-01-08T11:46:10.067519+0300 INFO Пользователь Slozhno_vibrat ввел предпочтительную дистанцию от центра
2022-01-08T11:46:12.551411+0300 INFO Пользователь Slozhno_vibrat вводит кол-во фото для загрузки
2022-01-08T11:51:36.048378+0300 INFO Пользователь Slozhno_vibrat ввел команду "/bestdeal"
2022-01-08T11:51:38.442575+0300 INFO Пользователь Slozhno_vibrat ввел город Самара
2022-01-08T11:51:58.296638+0300 INFO Пользователем Slozhno_vibrat был выбран 1161981 айди города
2022-01-08T11:52:01.208853+0300 INFO Пользователем Slozhno_vibrat было выбрано 5 отелей
2022-01-08T11:52:01.209862+0300 INFO Пользователь Slozhno_vibrat выбирает дату заселения
2022-01-08T11:52:28.663114+0300 INFO Пользователем Slozhno_vibrat выбирает дату выезда
2022-01-08T11:52:51.579973+0300 INFO Пользователь Slozhno_vibrat вводит мин/макс стоимость отелей за сутки
2022-01-08T11:52:57.069650+0300 INFO Пользователь Slozhno_vibrat вводит расстояние отеля от центра
2022-01-08T11:53:00.506410+0300 INFO Пользователь Slozhno_vibrat вводит отевет
2022-01-08T11:53:00.517743+0300 INFO Пользователь Slozhno_vibrat ввел предпочтительную дистанцию от центра
2022-01-08T11:53:02.379282+0300 INFO Пользователь Slozhno_vibrat вводит кол-во фото для загрузки
2022-01-08T12:01:18.782694+0300 INFO Пользователь Slozhno_vibrat ввел команду "/lowprice"
2022-01-08T12:01:21.409803+0300 INFO Пользователь Slozhno_vibrat ввел город Самара
2022-01-08T12:01:28.251513+0300 INFO Пользователем Slozhno_vibrat был выбран 1161981 айди города
2022-01-08T12:03:03.216352+0300 INFO Пользователь Slozhno_vibrat ввел город ффф
2022-01-08T12:03:13.505204+0300 INFO Пользователем Slozhno_vibrat был выбран None айди города
2022-01-08T12:03:27.523155+0300 INFO Пользователь Slozhno_vibrat ввел команду "/lowprice"
2022-01-08T12:03:30.459406+0300 INFO Пользователь Slozhno_vibrat ввел город Самара
2022-01-08T12:03:36.543215+0300 INFO Пользователем Slozhno_vibrat был выбран 1161981 айди города
2022-01-08T12:03:39.266441+0300 ERROR invalid literal for int() with base 10: 'ффф': Ошибка, пользователем введено неверное значение
2022-01-08T12:22:09.158930+0300 INFO Пользователь Slozhno_vibrat ввел команду "/lowprice"
2022-01-08T12:22:11.008231+0300 INFO Пользователь Slozhno_vibrat ввел город Самара
2022-01-08T12:22:29.624949+0300 INFO Пользователем Slozhno_vibrat был выбран None айди города
2022-01-08T12:31:48.205956+0300 INFO Пользователь Slozhno_vibrat ввел команду "/lowprice"
2022-01-08T12:31:51.507126+0300 INFO Пользователь Slozhno_vibrat ввел город Москва
2022-01-08T12:31:58.857123+0300 INFO Пользователем Slozhno_vibrat был выбран None айди города
2022-01-08T12:31:59.308227+0300 DEBUG A request to the Telegram API was unsuccessful. Error code: 400. Description: Bad Request: message identifier is not specified: Пользователь Slozhno_vibrat написал в чат, вместо выбора города из списка
2022-01-08T12:32:04.716587+0300 INFO Пользователь Slozhno_vibrat ввел город Россия, Москва
2022-01-08T12:32:04.853274+0300 INFO Была допущена орфографическая ошибка в названии города
2022-01-08T12:32:17.505006+0300 INFO Пользователь Slozhno_vibrat ввел город ы
2022-01-08T12:32:54.763866+0300 INFO Пользователь Slozhno_vibrat ввел команду "/lowprice"
2022-01-08T12:32:56.684080+0300 INFO Пользователь Slozhno_vibrat ввел город Москва
2022-01-08T12:33:03.150228+0300 INFO Пользователем Slozhno_vibrat был выбран 1153093 айди города
2022-01-08T12:33:03.510826+0300 DEBUG A request to the Telegram API was unsuccessful. Error code: 400. Description: Bad Request: message identifier is not specified: Пользователь Slozhno_vibrat написал в чат, вместо выбора города из списка
2022-01-08T12:35:13.505264+0300 INFO Пользователь Slozhno_vibrat ввел команду "/lowprice"
2022-01-08T12:35:15.497863+0300 INFO Пользователь Slozhno_vibrat ввел город Самара
2022-01-08T12:35:22.198690+0300 INFO Пользователем Slozhno_vibrat был выбран 1161981 айди города
2022-01-08T12:35:56.657797+0300 INFO Пользователь Slozhno_vibrat ввел команду "/lowprice"
2022-01-08T12:36:01.432877+0300 INFO Пользователь Slozhno_vibrat ввел город Самара
2022-01-08T12:36:08.505478+0300 INFO Пользователем Slozhno_vibrat был выбран None айди города
2022-01-08T12:39:40.998668+0300 INFO Пользователь Slozhno_vibrat ввел команду "/lowprice"
2022-01-08T12:39:43.009506+0300 INFO Пользователь Slozhno_vibrat ввел город Самара
2022-01-08T12:39:48.677558+0300 DEBUG 'ф': Пользователь Slozhno_vibrat написал в чат, вместо выбора города из списка
2022-01-08T12:39:52.460474+0300 INFO Пользователь Slozhno_vibrat ввел город Самарская область, Самара
2022-01-08T12:39:52.652175+0300 INFO Была допущена орфографическая ошибка в названии города
2022-01-08T12:40:37.733730+0300 INFO Пользователь Slozhno_vibrat ввел команду "/lowprice"
2022-01-08T12:40:41.385834+0300 INFO Пользователь Slozhno_vibrat ввел город Самара
2022-01-08T12:41:04.196199+0300 DEBUG 'а': Пользователь Slozhno_vibrat написал в чат, вместо выбора города из списка
2022-01-08T12:41:06.606795+0300 INFO Пользователем Slozhno_vibrat был выбран 1161981 айди города
2022-01-08T12:43:47.788072+0300 INFO Пользователем Slozhno_vibrat было выбрано 5 отелей
2022-01-08T12:43:47.789073+0300 INFO Пользователь Slozhno_vibrat выбирает дату заселения
2022-01-08T12:44:00.224989+0300 INFO Пользователем Slozhno_vibrat выбирает дату выезда
2022-01-08T12:44:16.284960+0300 INFO Пользователь Slozhno_vibrat вводит отевет
2022-01-08T12:44:18.805161+0300 INFO Пользователь Slozhno_vibrat вводит кол-во фото для загрузки
2022-01-08T13:13:23.465363+0300 INFO Пользователь Slozhno_vibrat ввел команду "/lowprice"
2022-01-08T13:13:26.376517+0300 INFO Пользователь Slozhno_vibrat ввел город Самара
2022-01-08T13:13:38.562847+0300 INFO Пользователем Slozhno_vibrat был выбран 1161981 айди города
2022-01-08T13:13:41.434239+0300 INFO Пользователем Slozhno_vibrat было выбрано 5 отелей
2022-01-08T13:13:41.435222+0300 INFO Пользователь Slozhno_vibrat выбирает дату заселения
2022-01-08T13:13:46.847135+0300 INFO Пользователем Slozhno_vibrat выбирает дату выезда
2022-01-08T13:14:15.009246+0300 INFO Пользователь Slozhno_vibrat ввел команду "/lowprice"
2022-01-08T13:14:18.480397+0300 INFO Пользователь Slozhno_vibrat ввел город Самара
2022-01-08T13:14:25.823089+0300 INFO Пользователем Slozhno_vibrat был выбран 1161981 айди города
2022-01-08T13:14:28.620173+0300 INFO Пользователем Slozhno_vibrat было выбрано 5 отелей
2022-01-08T13:14:28.621182+0300 INFO Пользователь Slozhno_vibrat выбирает дату заселения
2022-01-08T13:14:35.957701+0300 INFO Пользователем Slozhno_vibrat выбирает дату выезда
2022-01-08T13:17:30.114187+0300 INFO Пользователь Slozhno_vibrat ввел команду "/lowprice"
2022-01-08T13:17:33.159827+0300 INFO Пользователь Slozhno_vibrat ввел город Самара
2022-01-08T13:18:23.038494+0300 INFO Пользователем Slozhno_vibrat был выбран 1161981 айди города
2022-01-08T13:18:25.018993+0300 INFO Пользователем Slozhno_vibrat было выбрано 5 отелей
2022-01-08T13:18:25.019986+0300 INFO Пользователь Slozhno_vibrat выбирает дату заселения
2022-01-08T13:20:50.866016+0300 INFO Пользователь Slozhno_vibrat ввел команду "/lowprice"
2022-01-08T13:20:53.064278+0300 INFO Пользователь Slozhno_vibrat ввел город Самара
2022-01-08T13:21:08.573989+0300 DEBUG 'а': Пользователь Slozhno_vibrat написал в чат, вместо выбора города из списка
2022-01-08T13:21:12.039873+0300 INFO Пользователем Slozhno_vibrat был выбран 1161981 айди города
2022-01-08T13:21:14.117999+0300 INFO Пользователем Slozhno_vibrat было выбрано 5 отелей
2022-01-08T13:21:14.118997+0300 INFO Пользователь Slozhno_vibrat выбирает дату заселения
2022-01-08T13:21:19.636882+0300 INFO Пользователь Slozhno_vibrat выбирает дату заселения
2022-01-08T13:22:04.093763+0300 INFO Пользователем Slozhno_vibrat выбирает дату выезда
2022-01-08T13:22:20.503786+0300 INFO Пользователь Slozhno_vibrat вводит отевет
2022-01-08T13:22:25.130473+0300 INFO Пользователь Slozhno_vibrat вводит кол-во фото для загрузки
2022-01-08T13:28:54.388200+0300 INFO Пользователь Slozhno_vibrat ввел команду "/lowprice"
2022-01-08T13:28:56.992274+0300 INFO Пользователь Slozhno_vibrat ввел город Самара
2022-01-08T13:29:04.425018+0300 DEBUG 'а': Пользователь Slozhno_vibrat написал в чат, вместо выбора города из списка
2022-01-08T13:29:07.926708+0300 INFO Пользователем Slozhno_vibrat был выбран 1161981 айди города
2022-01-08T13:29:12.004273+0300 ERROR invalid literal for int() with base 10: 'п': Ошибка, пользователем введено неверное значение
2022-01-08T13:29:15.279017+0300 INFO Пользователь Slozhno_vibrat вводит отевет
2022-01-08T13:29:19.281745+0300 INFO Пользователь Slozhno_vibrat вводит кол-во фото для загрузки
2022-01-08T13:30:33.946938+0300 INFO Пользователь Slozhno_vibrat ввел команду "/lowprice"
2022-01-08T13:30:35.981730+0300 INFO Пользователь Slozhno_vibrat ввел город Самара
2022-01-08T13:31:11.221323+0300 INFO Пользователем Slozhno_vibrat был выбран 1161981 айди города
2022-01-08T13:31:13.483744+0300 ERROR invalid literal for int() with base 10: 'а': Ошибка, пользователем введено неверное значение
2022-01-08T13:31:15.091569+0300 INFO Пользователем Slozhno_vibrat было выбрано 5 отелей
2022-01-08T13:31:15.092578+0300 INFO Пользователь Slozhno_vibrat выбирает дату заселения
2022-01-08T13:31:22.773538+0300 INFO Пользователь Slozhno_vibrat выбирает дату заселения
2022-01-08T13:31:35.013264+0300 INFO Пользователем Slozhno_vibrat выбирает дату выезда
2022-01-08T13:34:27.804107+0300 INFO Пользователь Slozhno_vibrat ввел команду "/lowprice"
2022-01-08T13:34:30.079607+0300 INFO Пользователь Slozhno_vibrat ввел город Самара
2022-01-08T13:34:39.431826+0300 INFO Пользователем Slozhno_vibrat был выбран 1161981 айди города
2022-01-08T13:34:41.392324+0300 INFO Пользователем Slozhno_vibrat было выбрано 5 отелей
2022-01-08T13:34:41.394331+0300 INFO Пользователь Slozhno_vibrat выбирает дату заселения
2022-01-08T13:34:47.934660+0300 INFO Пользователь Slozhno_vibrat выбирает дату заселения
2022-01-08T13:35:36.642114+0300 INFO Пользователем Slozhno_vibrat выбирает дату выезда
2022-01-08T13:36:40.010150+0300 INFO Пользователь Slozhno_vibrat ввел команду "/lowprice"
2022-01-08T13:36:43.028442+0300 INFO Пользователь Slozhno_vibrat ввел город Самара
2022-01-08T13:36:49.761372+0300 INFO Пользователем Slozhno_vibrat был выбран 1161981 айди города
2022-01-08T13:37:01.318704+0300 INFO Пользователем Slozhno_vibrat было выбрано 5 отелей
2022-01-08T13:37:01.319716+0300 INFO Пользователь Slozhno_vibrat выбирает дату заселения
2022-01-08T13:37:08.887475+0300 INFO Пользователь Slozhno_vibrat выбирает дату заселения
2022-01-08T13:39:45.574574+0300 INFO Пользователь Slozhno_vibrat ввел команду "/lowprice"
2022-01-08T13:39:51.584333+0300 INFO Пользователь Slozhno_vibrat ввел город Самара
2022-01-08T13:40:00.089752+0300 INFO Пользователем Slozhno_vibrat был выбран 1161981 айди города
2022-01-08T13:40:04.868705+0300 INFO Пользователем Slozhno_vibrat было выбрано 5 отелей
2022-01-08T13:40:04.869715+0300 INFO Пользователь Slozhno_vibrat выбирает дату заселения
2022-01-08T13:43:39.420327+0300 INFO Пользователь Slozhno_vibrat ввел команду "/lowprice"
2022-01-08T13:43:41.349749+0300 INFO Пользователь Slozhno_vibrat ввел город Самара
2022-01-08T13:43:51.576822+0300 INFO Пользователем Slozhno_vibrat был выбран 1161981 айди города
2022-01-08T13:44:38.527395+0300 INFO Пользователем Slozhno_vibrat было выбрано 5 отелей
2022-01-08T13:44:38.527395+0300 INFO Пользователь Slozhno_vibrat выбирает дату заселения
2022-01-08T13:44:45.465135+0300 INFO Пользователь Slozhno_vibrat выбирает дату заселения
2022-01-08T13:45:14.702153+0300 INFO Пользователем Slozhno_vibrat выбирает дату выезда
2022-01-08T13:50:06.801501+0300 INFO Пользователь Slozhno_vibrat ввел команду "/lowprice"
2022-01-08T13:50:09.552713+0300 INFO Пользователь Slozhno_vibrat ввел город Самара
2022-01-08T13:51:09.370449+0300 INFO Пользователем Slozhno_vibrat был выбран 1161981 айди города
2022-01-08T13:51:11.632435+0300 INFO Пользователем Slozhno_vibrat было выбрано 5 отелей
2022-01-08T13:51:11.633444+0300 INFO Пользователь Slozhno_vibrat выбирает дату заселения
2022-01-08T13:51:13.301951+0300 INFO Пользователь Slozhno_vibrat ввел город ы
2022-01-08T13:52:14.035790+0300 INFO Пользователь Slozhno_vibrat ввел команду "/lowprice"
2022-01-08T13:52:30.624219+0300 INFO Пользователь Slozhno_vibrat ввел город Самара
2022-01-08T13:52:37.324146+0300 INFO Пользователем Slozhno_vibrat был выбран 1161981 айди города
2022-01-08T13:52:41.142510+0300 INFO Пользователем Slozhno_vibrat было выбрано 4 отелей
2022-01-08T13:52:41.142510+0300 INFO Пользователь Slozhno_vibrat выбирает дату заселения
2022-01-08T13:52:49.545307+0300 INFO Пользователем Slozhno_vibrat выбирает дату выезда
2022-01-08T13:52:56.100139+0300 INFO Пользователем Slozhno_vibrat выбирает дату выезда
2022-01-08T13:53:06.584258+0300 INFO Пользователь Slozhno_vibrat вводит отевет
2022-01-08T13:53:10.036909+0300 INFO Пользователь Slozhno_vibrat вводит кол-во фото для загрузки
2022-01-08T14:19:55.107075+0300 INFO Пользователь Slozhno_vibrat ввел команду "/lowprice"
2022-01-08T14:19:57.121944+0300 INFO Пользователь Slozhno_vibrat ввел город Самара
2022-01-08T14:20:01.681745+0300 DEBUG 'ы': Пользователь Slozhno_vibrat написал в чат, вместо выбора города из списка
2022-01-08T14:20:04.054619+0300 INFO Пользователь Slozhno_vibrat ввел город Самарская область, Самара
2022-01-08T14:20:04.184793+0300 INFO Была допущена орфографическая ошибка в названии города
2022-01-08T14:20:48.205563+0300 INFO Пользователь Slozhno_vibrat ввел город Самарская область, Самара
2022-01-08T14:20:48.317675+0300 INFO Была допущена орфографическая ошибка в названии города
2022-01-08T14:21:13.869784+0300 INFO Пользователь Slozhno_vibrat ввел команду "/lowprice"
2022-01-08T14:21:15.950900+0300 INFO Пользователь Slozhno_vibrat ввел город Самара
2022-01-08T14:21:23.348413+0300 DEBUG 'а': Пользователь Slozhno_vibrat написал в чат, вместо выбора города из списка
2022-01-08T14:21:27.219112+0300 INFO Пользователь Slozhno_vibrat ввел город Самарская область, Самара
2022-01-08T14:21:27.331907+0300 INFO Была допущена орфографическая ошибка в названии города
2022-01-08T14:26:04.817255+0300 INFO Пользователь Slozhno_vibrat ввел команду "/lowprice"
2022-01-08T14:26:09.418348+0300 INFO Пользователь Slozhno_vibrat ввел город Москва
2022-01-08T14:26:33.444535+0300 DEBUG 'ф': Пользователь Slozhno_vibrat написал в чат, вместо выбора города из списка
2022-01-08T14:26:36.175108+0300 INFO Пользователь Slozhno_vibrat ввел город Россия, Москва
2022-01-08T14:26:36.284728+0300 INFO Была допущена орфографическая ошибка в названии города
2022-01-08T14:28:06.785466+0300 INFO Пользователь Slozhno_vibrat ввел команду "/lowprice"
2022-01-08T14:28:09.610359+0300 INFO Пользователь Slozhno_vibrat ввел город Самара
2022-01-08T14:28:16.048439+0300 INFO Пользователем Slozhno_vibrat был выбран 1161981 айди города
2022-01-08T14:28:17.871507+0300 INFO Пользователем Slozhno_vibrat было выбрано 5 отелей
2022-01-08T14:28:17.872508+0300 INFO Пользователь Slozhno_vibrat выбирает дату заселения
2022-01-08T14:35:09.478994+0300 INFO Пользователь Slozhno_vibrat ввел команду "/lowprice"
2022-01-08T14:35:11.514290+0300 INFO Пользователь Slozhno_vibrat ввел город Самара
2022-01-08T14:35:17.517446+0300 DEBUG 'ф': Пользователь Slozhno_vibrat написал в чат, вместо выбора города из списка
2022-01-08T14:35:19.924416+0300 INFO Пользователь Slozhno_vibrat ввел город Самарская область, Самара
2022-01-08T14:35:20.161947+0300 INFO Была допущена орфографическая ошибка в названии города
2022-01-10T12:56:49.949129+0300 INFO Пользователь Slozhno_vibrat ввел команду "/start"
2022-01-10T12:56:54.415054+0300 INFO Пользователь Slozhno_vibrat ввел команду "/lowprice"
2022-01-10T12:57:05.240269+0300 INFO Пользователь Slozhno_vibrat ввел город Москва
2022-01-10T12:57:10.203615+0300 INFO Пользователем Slozhno_vibrat был выбран 1153093 айди города
2022-01-10T12:57:12.025594+0300 INFO Пользователем Slozhno_vibrat было выбрано 5 отелей
2022-01-10T12:57:12.026587+0300 INFO Пользователь Slozhno_vibrat выбирает дату заселения
2022-01-10T12:57:17.924842+0300 INFO Пользователем Slozhno_vibrat выбирает дату выезда
2022-01-10T12:57:23.170006+0300 INFO Пользователем Slozhno_vibrat выбирает дату выезда
2022-01-10T12:57:32.905198+0300 INFO Пользователь Slozhno_vibrat вводит отевет
2022-01-10T12:57:34.480554+0300 INFO Пользователь Slozhno_vibrat вводит кол-во фото для загрузки
2022-01-10T13:05:46.444705+0300 INFO Пользователь Slozhno_vibrat ввел команду "/highprice"
2022-01-10T13:05:51.881950+0300 INFO Пользователь Slozhno_vibrat ввел город Москва
2022-01-10T13:05:58.342707+0300 INFO Пользователем Slozhno_vibrat был выбран 1153093 айди города
2022-01-10T13:06:03.293523+0300 INFO Пользователем Slozhno_vibrat было выбрано 5 отелей
2022-01-10T13:06:03.294523+0300 INFO Пользователь Slozhno_vibrat выбирает дату заселения
2022-01-10T13:06:08.728871+0300 INFO Пользователем Slozhno_vibrat выбирает дату выезда
2022-01-10T13:06:14.566791+0300 INFO Пользователь Slozhno_vibrat вводит отевет
2022-01-10T13:06:18.776169+0300 INFO Пользователь Slozhno_vibrat вводит кол-во фото для загрузки
2022-01-10T14:33:24.424552+0300 INFO Пользователь Slozhno_vibrat ввел команду "/lowprice"
2022-01-10T14:33:30.876533+0300 INFO Пользователь Slozhno_vibrat ввел город ФЫВ1
2022-01-10T14:34:05.877207+0300 INFO Пользователь Slozhno_vibrat ввел команду "/lowprice"
2022-01-10T14:34:14.676886+0300 INFO Пользователь Slozhno_vibrat ввел город ФЫВФЫвф 12314
2022-01-10T14:42:02.756397+0300 INFO Пользователь Slozhno_vibrat ввел команду "/lowprice"
2022-01-10T14:42:06.326201+0300 INFO Пользователь Slozhno_vibrat ввел город ФЫцац2
2022-01-10T14:42:06.635269+0300 INFO Была допущена орфографическая ошибка в названии города
2022-01-10T14:42:13.340778+0300 INFO Пользователь Slozhno_vibrat ввел город фывцукц
2022-01-10T14:42:49.215158+0300 INFO Пользователь Slozhno_vibrat ввел команду "/lowprice"
2022-01-10T14:42:51.555679+0300 INFO Пользователь Slozhno_vibrat ввел город ASxdasdqq1
2022-01-10T14:42:51.841740+0300 INFO Была допущена орфографическая ошибка в названии города
2022-01-10T14:42:54.207273+0300 INFO Пользователь Slozhno_vibrat ввел город sdfsdg
2022-01-10T14:43:26.654111+0300 INFO Пользователь Slozhno_vibrat ввел команду "/lowprice"
2022-01-10T14:43:29.013645+0300 INFO Пользователь Slozhno_vibrat ввел город Aqwradf
2022-01-10T14:45:34.746629+0300 INFO Пользователь Slozhno_vibrat ввел команду "/lowprice"
2022-01-10T14:45:37.768327+0300 INFO Пользователь Slozhno_vibrat ввел город Фывфык
2022-01-10T14:45:42.171672+0300 INFO Город не найден
2022-01-10T14:45:47.779934+0300 INFO Пользователь Slozhno_vibrat ввел команду "/lowprice"
2022-01-10T14:45:53.159145+0300 INFO Пользователь Slozhno_vibrat ввел город /lowpric
2022-01-10T14:45:53.316181+0300 INFO Была допущена орфографическая ошибка в названии города
